<?xml version="1.0" encoding="UTF-8"?>
<!-- Generated by org.testng.reporters.JUnitReportReporter -->
<testsuite hostname="SanjuSingh" failures="0" tests="6" name="com.selenium.qa.testcases.Login" time="32.632" errors="0" timestamp="2023-04-12T13:43:36 EDT" skipped="0">
  <testcase classname="com.selenium.qa.testcases.Login" name="verifyLoginWithValidCredentials" time="5.606"/>
  <system-out/>
  <testcase classname="com.selenium.qa.testcases.Login" name="verifyLoginWithValidCredentials" time="6.089"/>
  <system-out/>
  <testcase classname="com.selenium.qa.testcases.Login" name="verifyLoginWithInvalidCredential" time="6.535"/>
  <system-out/>
  <testcase classname="com.selenium.qa.testcases.Login" name="verifyLoginWithInvalidEmailAndValidPwd" time="5.046"/>
  <system-out/>
  <testcase classname="com.selenium.qa.testcases.Login" name="verifyLoginWithValidEmailAndInvalidPwd" time="4.724"/>
  <system-out/>
  <testcase classname="com.selenium.qa.testcases.Login" name="verifyLoginWithNoCredentials" time="4.632"/>
  <system-out/>
</testsuite> <!-- com.selenium.qa.testcases.Login -->
