<?xml version="1.0" encoding="UTF-8"?>
<!-- Generated by org.testng.reporters.JUnitReportReporter -->
<testsuite hostname="SanjuSingh" failures="0" tests="3" name="com.selenium.qa.testcases.Search" time="13.153" errors="0" timestamp="2023-04-12T13:43:36 EDT" skipped="0">
  <testcase classname="com.selenium.qa.testcases.Search" name="verifySearchWithValidProduct" time="4.520"/>
  <system-out/>
  <testcase classname="com.selenium.qa.testcases.Search" name="verifySearchWithInvalidProduct" time="4.284"/>
  <system-out/>
  <testcase classname="com.selenium.qa.testcases.Search" name="verifySearchWithoutAnyProduct" time="4.349"/>
  <system-out/>
</testsuite> <!-- com.selenium.qa.testcases.Search -->
