<?xml version="1.0" encoding="UTF-8"?>
<!-- Generated by org.testng.reporters.JUnitReportReporter -->
<testsuite hostname="SanjuSingh" failures="0" tests="3" name="com.selenium.qa.testcases.Login" time="15.077" errors="0" timestamp="2023-03-30T10:06:44 EDT" skipped="0">
  <testcase classname="com.selenium.qa.testcases.Login" name="verifyLoginWithValidCredentials" time="5.842"/>
  <system-out/>
  <testcase classname="com.selenium.qa.testcases.Login" name="verifyLoginWithValidCredentials" time="4.671"/>
  <system-out/>
  <testcase classname="com.selenium.qa.testcases.Login" name="verifyLoginWithValidCredentials" time="4.564"/>
  <system-out/>
</testsuite> <!-- com.selenium.qa.testcases.Login -->
