<?xml version="1.0" encoding="UTF-8"?>
<!-- Generated by org.testng.reporters.JUnitReportReporter -->
<testsuite hostname="SanjuSingh" failures="0" tests="4" name="com.selenium.qa.testcases.Register" time="23.669" errors="0" timestamp="2023-04-12T13:43:36 EDT" skipped="0">
  <testcase classname="com.selenium.qa.testcases.Register" name="verifyRegisterAccountWithMandatoryFields" time="5.741"/>
  <system-out/>
  <testcase classname="com.selenium.qa.testcases.Register" name="verifyRegisterAccountWithAllFields" time="5.810"/>
  <system-out/>
  <testcase classname="com.selenium.qa.testcases.Register" name="verifyRegisterAccountWithExistingEmailAddress" time="5.857"/>
  <system-out/>
  <testcase classname="com.selenium.qa.testcases.Register" name="verifyRegisterAccountWithNoDetails" time="6.261"/>
  <system-out/>
</testsuite> <!-- com.selenium.qa.testcases.Register -->
